<?xml version="1.0" encoding="UTF-8"?>
<testng-results ignored="0" total="1" passed="1" failed="0" skipped="0">
  <reporter-output>
  </reporter-output>
  <suite started-at="2022-07-15T18:34:37 ICT" name="Default suite" finished-at="2022-07-15T18:34:41 ICT" duration-ms="3869">
    <groups>
    </groups>
    <test started-at="2022-07-15T18:34:37 ICT" name="Default test" finished-at="2022-07-15T18:34:41 ICT" duration-ms="3869">
      <class name="apitest.DeleteNotificationTest">
        <test-method signature="test3()[pri:0, instance:apitest.DeleteNotificationTest@4d5b6aac]" started-at="2022-07-15T18:34:37 ICT" name="test3" finished-at="2022-07-15T18:34:41 ICT" duration-ms="3835" status="PASS">
          <reporter-output>
          </reporter-output>
        </test-method> <!-- test3 -->
      </class> <!-- apitest.DeleteNotificationTest -->
    </test> <!-- Default test -->
  </suite> <!-- Default suite -->
</testng-results>
