<?xml version="1.0" encoding="UTF-8"?>
<testng-results ignored="0" total="1" passed="1" failed="0" skipped="0">
  <reporter-output>
  </reporter-output>
  <suite started-at="2022-07-17T09:15:45 ICT" name="Default suite" finished-at="2022-07-17T09:15:54 ICT" duration-ms="8285">
    <groups>
    </groups>
    <test started-at="2022-07-17T09:15:45 ICT" name="Default test" finished-at="2022-07-17T09:15:54 ICT" duration-ms="8285">
      <class name="apitest.SearchTest">
        <test-method signature="test3()[pri:0, instance:apitest.SearchTest@4a7f959b]" started-at="2022-07-17T09:15:45 ICT" name="test3" finished-at="2022-07-17T09:15:54 ICT" duration-ms="8251" status="PASS">
          <reporter-output>
          </reporter-output>
        </test-method> <!-- test3 -->
      </class> <!-- apitest.SearchTest -->
    </test> <!-- Default test -->
  </suite> <!-- Default suite -->
</testng-results>
